<?xml version="1.0" encoding="UTF-8"?>
<testng-results skipped="0" failed="0" total="2" passed="2">
  <reporter-output>
  </reporter-output>
  <suite name="Suite" duration-ms="40729" started-at="2021-01-03T03:31:03Z" finished-at="2021-01-03T03:31:44Z">
    <groups>
    </groups>
    <test name="Test" duration-ms="40729" started-at="2021-01-03T03:31:03Z" finished-at="2021-01-03T03:31:44Z">
      <class name="com.rameshsoft.sample.TestTwo">
        <test-method status="PASS" signature="demo()[pri:0, instance:com.rameshsoft.sample.TestTwo@2a18f23c]" name="demo" duration-ms="23913" started-at="2021-01-03T09:01:20Z" finished-at="2021-01-03T09:01:44Z">
          <reporter-output>
          </reporter-output>
        </test-method> <!-- demo -->
      </class> <!-- com.rameshsoft.sample.TestTwo -->
      <class name="com.rameshsoft.sample.TestOne">
        <test-method status="PASS" signature="test()[pri:0, instance:com.rameshsoft.sample.TestOne@357246de]" name="test" duration-ms="16798" started-at="2021-01-03T09:01:03Z" finished-at="2021-01-03T09:01:20Z">
          <reporter-output>
          </reporter-output>
        </test-method> <!-- test -->
      </class> <!-- com.rameshsoft.sample.TestOne -->
    </test> <!-- Test -->
  </suite> <!-- Suite -->
</testng-results>
